  Cliente.cpp
C:\Users\William Carrillo\OneDrive\UMG\Programacion\Parcial2\Nueva carpeta\ejercicoParcial\ConexionBD.h(2,10): fatal error C1083: No se puede abrir el archivo incluir: 'mysql.h': No such file or directory
  Compra.cpp
C:\Users\William Carrillo\OneDrive\UMG\Programacion\Parcial2\Nueva carpeta\ejercicoParcial\ConexionBD.h(2,10): fatal error C1083: No se puede abrir el archivo incluir: 'mysql.h': No such file or directory
  Compra_detalle.cpp
C:\Users\William Carrillo\OneDrive\UMG\Programacion\Parcial2\Nueva carpeta\ejercicoParcial\ConexionBD.h(2,10): fatal error C1083: No se puede abrir el archivo incluir: 'mysql.h': No such file or directory
  ejercicoParcial.cpp
C:\Users\William Carrillo\OneDrive\UMG\Programacion\Parcial2\Nueva carpeta\ejercicoParcial\ejercicoParcial.cpp(3,10): fatal error C1083: No se puede abrir el archivo incluir: 'mysql.h': No such file or directory
  Empleado.cpp
C:\Users\William Carrillo\OneDrive\UMG\Programacion\Parcial2\Nueva carpeta\ejercicoParcial\ConexionBD.h(2,10): fatal error C1083: No se puede abrir el archivo incluir: 'mysql.h': No such file or directory
  Marca.cpp
C:\Users\William Carrillo\OneDrive\UMG\Programacion\Parcial2\Nueva carpeta\ejercicoParcial\ConexionBD.h(2,10): fatal error C1083: No se puede abrir el archivo incluir: 'mysql.h': No such file or directory
  Persona.cpp
C:\Users\William Carrillo\OneDrive\UMG\Programacion\Parcial2\Nueva carpeta\ejercicoParcial\ConexionBD.h(2,10): fatal error C1083: No se puede abrir el archivo incluir: 'mysql.h': No such file or directory
  Productos.cpp
C:\Users\William Carrillo\OneDrive\UMG\Programacion\Parcial2\Nueva carpeta\ejercicoParcial\ConexionBD.h(2,10): fatal error C1083: No se puede abrir el archivo incluir: 'mysql.h': No such file or directory
  Proveedor.cpp
C:\Users\William Carrillo\OneDrive\UMG\Programacion\Parcial2\Nueva carpeta\ejercicoParcial\ConexionBD.h(2,10): fatal error C1083: No se puede abrir el archivo incluir: 'mysql.h': No such file or directory
  Puesto.cpp
C:\Users\William Carrillo\OneDrive\UMG\Programacion\Parcial2\Nueva carpeta\ejercicoParcial\ConexionBD.h(2,10): fatal error C1083: No se puede abrir el archivo incluir: 'mysql.h': No such file or directory
  Generando código...
